<?xml version="1.0" encoding="UTF-8"?>
<!-- Generated by org.testng.reporters.JUnitXMLReporter -->
<testsuite ignored="1" hostname="LENOVO-LAPTOP" failures="0" tests="2" name="Test" time="0.051" errors="0" timestamp="2022-04-11T11:59:45 IST">
  <testcase classname="test.testng_1" name="demo" time="0.006"/>
  <testcase classname="test.testing_2" name="demo3" time="0.0"/>
  <testcase classname="test.testng_1" name="demo2" time="0.0">
    <ignored/>
  </testcase> <!-- demo2 -->
</testsuite> <!-- Test -->
