<?xml version="1.0" encoding="UTF-8"?>
<testng-results ignored="1" total="3" passed="2" failed="0" skipped="0">
  <reporter-output>
  </reporter-output>
  <suite started-at="2022-04-11T11:59:45 IST" name="Ramdom_test" finished-at="2022-04-11T11:59:45 IST" duration-ms="51">
    <groups>
    </groups>
    <test started-at="2022-04-11T11:59:45 IST" name="Test" finished-at="2022-04-11T11:59:45 IST" duration-ms="51">
      <class name="test.testing_2">
        <test-method is-config="true" signature="demo4()[pri:0, instance:test.testing_2@6af93788]" started-at="2022-04-11T11:59:45 IST" name="demo4" finished-at="2022-04-11T11:59:45 IST" duration-ms="7" status="PASS">
          <reporter-output>
          </reporter-output>
        </test-method> <!-- demo4 -->
        <test-method signature="demo3()[pri:0, instance:test.testing_2@6af93788]" started-at="2022-04-11T11:59:45 IST" name="demo3" finished-at="2022-04-11T11:59:45 IST" duration-ms="0" status="PASS">
          <reporter-output>
          </reporter-output>
        </test-method> <!-- demo3 -->
      </class> <!-- test.testing_2 -->
      <class name="test.testng_1">
        <test-method signature="demo()[pri:0, instance:test.testng_1@56de5251]" started-at="2022-04-11T11:59:45 IST" name="demo" finished-at="2022-04-11T11:59:45 IST" duration-ms="6" status="PASS">
          <reporter-output>
          </reporter-output>
        </test-method> <!-- demo -->
      </class> <!-- test.testng_1 -->
      <class name="test.testing_3">
        <test-method is-config="true" signature="greet()[pri:0, instance:test.testing_3@ef9296d]" started-at="2022-04-11T11:59:45 IST" name="greet" finished-at="2022-04-11T11:59:45 IST" duration-ms="0" status="PASS">
          <reporter-output>
          </reporter-output>
        </test-method> <!-- greet -->
      </class> <!-- test.testing_3 -->
    </test> <!-- Test -->
  </suite> <!-- Ramdom_test -->
</testng-results>
